<?xml version="1.0" encoding="UTF-8"?>
<testsuite name="TestIssueRepository" tests="1" skipped="0" failures="0" errors="0" timestamp="2024-05-08T10:32:54" hostname="HOME-PC" time="10.181">
  <properties/>
  <testcase name="Тест на проверку задачи с использованием Steps" classname="TestIssueRepository" time="10.181"/>
  <system-out><![CDATA[]]></system-out>
  <system-err><![CDATA[[Test worker] INFO com.codeborne.selenide.impl.WebDriverThreadLocalContainer - No webdriver is bound to current thread: 1 - let's create a new webdriver
[Test worker] INFO com.codeborne.selenide.impl.FileHelper - Creating folder: C:\Users\Людмила\IdeaProjects\15Lesson_AllureLambdaStepsIssue\build\downloads\1715164374303_14316_1
[Test worker] INFO io.github.bonigarcia.wdm.WebDriverManager - Using geckodriver 0.34.0 (resolved driver for Firefox 125)
[Test worker] INFO io.github.bonigarcia.wdm.WebDriverManager - Exporting webdriver.gecko.driver as C:\Users\Людмила\.cache\selenium\geckodriver\win64\0.34.0\geckodriver.exe
мая 08, 2024 1:32:55 PM org.openqa.selenium.remote.service.DriverService$Builder getLogOutput
INFO: Driver logs no longer sent to console by default; https://www.selenium.dev/documentation/webdriver/drivers/service/#setting-log-output
[Test worker] INFO com.codeborne.selenide.webdriver.SelenideNettyClientFactory - Changed readTimeout from PT3M to PT1M30S
[Test worker] INFO com.codeborne.selenide.webdriver.SelenideNettyClientFactory - Changed readTimeout from PT3M to PT1M30S
[Test worker] INFO com.codeborne.selenide.webdriver.BrowserResizer - Set browser size to 1100x1080
[Test worker] INFO com.codeborne.selenide.webdriver.WebDriverFactory - BrowserName=firefox Version=125.0.3 Platform=windows
[Test worker] INFO com.codeborne.selenide.webdriver.WebDriverFactory - Selenide v. 6.16.1
[Test worker] INFO com.codeborne.selenide.webdriver.WebDriverFactory - Selenium WebDriver v. 4.10.0 build revision: c14d967899
[Test worker] INFO com.codeborne.selenide.drivercommands.CreateDriverCommand - Created webdriver in thread 1: FirefoxDriver -> FirefoxDriver: firefox on windows (50e85a85-b75e-4d98-b857-e3e3d6ae5d52)
[Test worker] INFO com.codeborne.selenide.drivercommands.DisposablesRegistry - Register WebDriverInstance[config=StaticConfig,webDriver=FirefoxDriver: firefox on windows (50e85a85-b75e-4d98-b857-e3e3d6ae5d52),proxy=null,downloadsFolder=C:\Users\Людмила\IdeaProjects\15Lesson_AllureLambdaStepsIssue\build\downloads\1715164374303_14316_1] in 1 [size=1]
[Test worker] INFO com.codeborne.selenide.drivercommands.DisposablesRegistry - Add shutdown hook in 1 [size=1]
]]></system-err>
</testsuite>
